<?xml version="1.0" encoding="UTF-8"?>
<!-- Generated by org.testng.reporters.JUnitReportReporter -->
<testsuite hostname="DESKTOP-N0PCOBP" failures="0" tests="1" name="com.dt.api.properties.delete.testDELETE_property" time="1.154" errors="0" timestamp="2022-10-26T11:14:16 IST" skipped="0">
  <testcase classname="com.dt.api.properties.delete.testDELETE_property" name="testDELETEProp" time="1.154"/>
  <system-out/>
</testsuite> <!-- com.dt.api.properties.delete.testDELETE_property -->
