<?xml version="1.0" encoding="UTF-8"?>
<!-- Generated by org.testng.reporters.JUnitReportReporter -->
<testsuite hostname="LAPTOP-NNQF56CK" failures="0" tests="1" name="com.dt.api.users.get.testGET_UserInvites" time="2.427" errors="0" timestamp="2022-10-17T15:23:47 IST" skipped="0">
  <testcase classname="com.dt.api.users.get.testGET_UserInvites" name="testGet" time="2.427"/>
  <system-out/>
</testsuite> <!-- com.dt.api.users.get.testGET_UserInvites -->
