<?xml version="1.0" encoding="UTF-8"?>
<!-- Generated by org.testng.reporters.JUnitReportReporter -->
<testsuite hostname="LAPTOP-NNQF56CK" failures="0" tests="1" name="com.dt.api.users.post.testPOST_VerifyInvitation" time="1.136" errors="0" timestamp="2022-10-14T19:27:32 IST" skipped="0">
  <testcase classname="com.dt.api.users.post.testPOST_VerifyInvitation" name="testPost" time="1.136"/>
  <system-out/>
</testsuite> <!-- com.dt.api.users.post.testPOST_VerifyInvitation -->
