<?xml version="1.0" encoding="UTF-8"?>
<!-- Generated by org.testng.reporters.JUnitReportReporter -->
<testsuite hostname="DESKTOP-N0PCOBP" failures="0" tests="1" name="com.dt.api.users.get.testGET_UserDetails" time="1.251" errors="0" timestamp="2022-10-26T11:14:15 IST" skipped="0">
  <testcase classname="com.dt.api.users.get.testGET_UserDetails" name="testGet001" time="1.251"/>
  <system-out/>
</testsuite> <!-- com.dt.api.users.get.testGET_UserDetails -->
