<?xml version="1.0" encoding="UTF-8"?>
<!-- Generated by org.testng.reporters.JUnitReportReporter -->
<testsuite hostname="LAPTOP-NNQF56CK" failures="0" tests="1" name="com.dt.api.users.put.testPUT_UserDetail" time="1.129" errors="0" timestamp="2022-10-14T19:27:32 IST" skipped="0">
  <testcase classname="com.dt.api.users.put.testPUT_UserDetail" name="testPUT" time="1.129"/>
  <system-out/>
</testsuite> <!-- com.dt.api.users.put.testPUT_UserDetail -->
