<?xml version="1.0" encoding="UTF-8"?>
<!-- Generated by org.testng.reporters.JUnitReportReporter -->
<testsuite hostname="LAPTOP-NNQF56CK" failures="0" tests="1" name="com.dt.api.session.testPOST_Session" time="2.574" errors="0" timestamp="2022-10-17T15:47:51 IST" skipped="0">
  <testcase classname="com.dt.api.session.testPOST_Session" name="testPost" time="2.574"/>
  <system-out/>
</testsuite> <!-- com.dt.api.session.testPOST_Session -->
