<?xml version="1.0" encoding="UTF-8"?>
<!-- Generated by org.testng.reporters.JUnitReportReporter -->
<testsuite hostname="DESKTOP-CGGNCNE" failures="0" tests="1" name="com.dt.api.auth.testAuth_PM_ViewUserList" time="2.892" errors="0" timestamp="2022-10-28T11:10:29 IST" skipped="0">
  <testcase classname="com.dt.api.auth.testAuth_PM_ViewUserList" name="GetUserList" time="2.892"/>
  <system-out/>
</testsuite> <!-- com.dt.api.auth.testAuth_PM_ViewUserList -->
