<?xml version="1.0" encoding="UTF-8"?>
<!-- Generated by org.testng.reporters.JUnitReportReporter -->
<testsuite hostname="LAPTOP-NNQF56CK" failures="0" tests="1" name="com.dt.api.users.post.testPOST_ForgetPassword" time="2.522" errors="0" timestamp="2022-10-17T17:46:28 IST" skipped="0">
  <testcase classname="com.dt.api.users.post.testPOST_ForgetPassword" name="testPost" time="2.522"/>
  <system-out/>
</testsuite> <!-- com.dt.api.users.post.testPOST_ForgetPassword -->
