<?xml version="1.0" encoding="UTF-8"?>
<!-- Generated by org.testng.reporters.JUnitReportReporter -->
<testsuite hostname="DESKTOP-N0PCOBP" failures="0" tests="1" name="com.dt.api.users.post.testPOST_VerifyInvitation" time="1.148" errors="0" timestamp="2022-10-26T11:14:15 IST" skipped="0">
  <testcase classname="com.dt.api.users.post.testPOST_VerifyInvitation" name="testPost" time="1.148"/>
  <system-out/>
</testsuite> <!-- com.dt.api.users.post.testPOST_VerifyInvitation -->
