<?xml version="1.0" encoding="UTF-8"?>
<!-- Generated by org.testng.reporters.JUnitReportReporter -->
<testsuite hostname="LAPTOP-NNQF56CK" failures="0" tests="1" name="com.dt.api.users.delete.testDELETE_User" time="1.199" errors="0" timestamp="2022-10-14T19:27:32 IST" skipped="0">
  <testcase classname="com.dt.api.users.delete.testDELETE_User" name="testDELETE001" time="1.199"/>
  <system-out/>
</testsuite> <!-- com.dt.api.users.delete.testDELETE_User -->
