<?xml version="1.0" encoding="UTF-8"?>
<!-- Generated by org.testng.reporters.JUnitReportReporter -->
<testsuite hostname="LAPTOP-NNQF56CK" failures="0" tests="2" name="com.dt.api.users.get.testGET_UserInvites" time="3.110" errors="0" timestamp="2022-10-17T17:44:48 IST" skipped="0">
  <testcase classname="com.dt.api.users.get.testGET_UserInvites" name="testGet001" time="2.007"/>
  <system-out/>
  <testcase classname="com.dt.api.users.get.testGET_UserInvites" name="testGet002" time="1.103"/>
  <system-out/>
</testsuite> <!-- com.dt.api.users.get.testGET_UserInvites -->
