<?xml version="1.0" encoding="UTF-8"?>
<!-- Generated by org.testng.reporters.JUnitReportReporter -->
<testsuite hostname="DESKTOP-N0PCOBP" failures="0" tests="1" name="com.dt.api.users.get.testGET_usstatelist" time="2.136" errors="0" timestamp="2022-10-25T10:48:57 IST" skipped="0">
  <testcase classname="com.dt.api.users.get.testGET_usstatelist" name="testGetstatelist" time="2.136"/>
  <system-out/>
</testsuite> <!-- com.dt.api.users.get.testGET_usstatelist -->
