<?xml version="1.0" encoding="UTF-8"?>
<!-- Generated by org.testng.reporters.JUnitReportReporter -->
<testsuite hostname="DESKTOP-CGGNCNE" failures="0" tests="1" name="com.dt.api.auth.testAuth_PropertyManager_inviteuser" time="3.129" errors="0" timestamp="2022-10-27T15:09:44 IST" skipped="0">
  <testcase classname="com.dt.api.auth.testAuth_PropertyManager_inviteuser" name="testInviteUser" time="3.129"/>
  <system-out/>
</testsuite> <!-- com.dt.api.auth.testAuth_PropertyManager_inviteuser -->
