<?xml version="1.0" encoding="UTF-8"?>
<!-- Generated by org.testng.reporters.JUnitReportReporter -->
<testsuite hostname="DESKTOP-N0PCOBP" failures="0" tests="1" name="com.dt.api.zones.get.testGET_recentzonesinproperty" time="1.528" errors="0" timestamp="2022-10-28T15:32:34 IST" skipped="0">
  <testcase classname="com.dt.api.zones.get.testGET_recentzonesinproperty" name="testGet001" time="1.528"/>
  <system-out/>
</testsuite> <!-- com.dt.api.zones.get.testGET_recentzonesinproperty -->
