<?xml version="1.0" encoding="UTF-8"?>
<!-- Generated by org.testng.reporters.JUnitReportReporter -->
<testsuite hostname="DESKTOP-FEBC6QF" failures="0" tests="1" name="com.api.Auth.RoleAccess_PV$testGET_SelfDetails_PV" time="3.763" errors="0" timestamp="2022-11-02T11:45:22 IST" skipped="0">
  <testcase classname="com.api.Auth.RoleAccess_PV$testGET_SelfDetails_PV" name="testGet" time="3.763"/>
  <system-out/>
</testsuite> <!-- com.api.Auth.RoleAccess_PV$testGET_SelfDetails_PV -->
