<?xml version="1.0" encoding="UTF-8"?>
<!-- Generated by org.testng.reporters.JUnitReportReporter -->
<testsuite hostname="DESKTOP-FEBC6QF" failures="0" tests="1" name="com.dt.api.session.testPOST_Session" time="2.502" errors="0" timestamp="2022-12-08T12:22:21 IST" skipped="0">
  <testcase classname="com.dt.api.session.testPOST_Session" name="testPost" time="2.502"/>
  <system-out/>
</testsuite> <!-- com.dt.api.session.testPOST_Session -->
