<?xml version="1.0" encoding="UTF-8"?>
<!-- Generated by org.testng.reporters.JUnitReportReporter -->
<testsuite hostname="DESKTOP-FEBC6QF" failures="0" tests="2" name="com.api.Auth.PV_InviteUser" time="3.856" errors="0" timestamp="2022-10-28T16:28:54 IST" skipped="0">
  <testcase classname="com.api.Auth.PV_InviteUser" name="testInviteasPV" time="0.676"/>
  <system-out/>
  <testcase classname="com.api.Auth.PV_InviteUser" name="testPost" time="3.180"/>
  <system-out/>
</testsuite> <!-- com.api.Auth.PV_InviteUser -->
