<?xml version="1.0" encoding="UTF-8"?>
<!-- Generated by org.testng.reporters.JUnitReportReporter -->
<<<<<<< HEAD
<<<<<<< HEAD
<testsuite hostname="DESKTOP-FEBC6QF" failures="0" tests="1" name="com.dt.api.session.testPOST_Session" time="3.713" errors="0" timestamp="2022-10-28T13:46:46 IST" skipped="0">
  <testcase classname="com.dt.api.session.testPOST_Session" name="testPost" time="3.713"/>
=======
<testsuite hostname="DESKTOP-N0PCOBP" failures="0" tests="1" name="com.dt.api.session.testPOST_Session" time="4.613" errors="0" timestamp="2022-10-28T15:15:05 IST" skipped="0">
  <testcase classname="com.dt.api.session.testPOST_Session" name="testPost" time="4.613"/>
>>>>>>> c5894a01452583338382fe5cfcbda8788ea89e1c
=======
<testsuite hostname="DESKTOP-N0PCOBP" failures="0" tests="1" name="com.dt.api.session.testPOST_Session" time="3.020" errors="0" timestamp="2022-11-04T12:10:31 IST" skipped="0">
  <testcase classname="com.dt.api.session.testPOST_Session" name="testPost" time="3.020"/>
=======
<testsuite hostname="DESKTOP-CGGNCNE" failures="0" tests="1" name="com.dt.api.session.testPOST_Session" time="3.435" errors="0" timestamp="2022-11-02T10:32:05 IST" skipped="0">
  <testcase classname="com.dt.api.session.testPOST_Session" name="testPost" time="3.435"/>
>>>>>>> 309dc731236f7ebb8d1035ccd605d8f695e36407
>>>>>>> 01779337959a101ea50d1eba4f3ab2fc233e8fb3
  <system-out/>
</testsuite> <!-- com.dt.api.session.testPOST_Session -->
