<?xml version="1.0" encoding="UTF-8"?>
<!-- Generated by org.testng.reporters.JUnitReportReporter -->
<testsuite hostname="DESKTOP-N0PCOBP" failures="0" tests="1" name="com.dt.api.users.post.testPOST_RegisterUser" time="1.628" errors="0" timestamp="2022-11-07T17:03:31 IST" skipped="0">
  <testcase classname="com.dt.api.users.post.testPOST_RegisterUser" name="testPost" time="1.628"/>
  <system-out/>
</testsuite> <!-- com.dt.api.users.post.testPOST_RegisterUser -->
