<?xml version="1.0" encoding="UTF-8"?>
<!-- Generated by org.testng.reporters.JUnitReportReporter -->
<<<<<<< HEAD
<testsuite hostname="DESKTOP-N0PCOBP" failures="0" tests="1" name="com.dt.api.properties.post.testPOST_addproperty" time="1.397" errors="0" timestamp="2022-10-28T15:32:34 IST" skipped="0">
  <testcase classname="com.dt.api.properties.post.testPOST_addproperty" name="testPost001" time="1.397"/>
=======
<<<<<<< HEAD
<testsuite hostname="DESKTOP-N0PCOBP" failures="0" tests="1" name="com.dt.api.properties.post.testPOST_addproperty" time="1.185" errors="0" timestamp="2022-11-04T12:13:13 IST" skipped="0">
  <testcase classname="com.dt.api.properties.post.testPOST_addproperty" name="testPost001" time="1.185"/>
=======
<<<<<<< HEAD
<testsuite hostname="DESKTOP-CGGNCNE" failures="0" tests="1" name="com.dt.api.properties.post.testPOST_addproperty" time="2.503" errors="0" timestamp="2022-10-31T12:47:56 IST" skipped="0">
  <testcase classname="com.dt.api.properties.post.testPOST_addproperty" name="testPost001" time="2.503"/>
=======
<testsuite hostname="DESKTOP-N0PCOBP" failures="0" tests="1" name="com.dt.api.properties.post.testPOST_addproperty" time="1.397" errors="0" timestamp="2022-10-28T15:32:34 IST" skipped="0">
  <testcase classname="com.dt.api.properties.post.testPOST_addproperty" name="testPost001" time="1.397"/>
>>>>>>> c5894a01452583338382fe5cfcbda8788ea89e1c
>>>>>>> 309dc731236f7ebb8d1035ccd605d8f695e36407
>>>>>>> 01779337959a101ea50d1eba4f3ab2fc233e8fb3
  <system-out/>
</testsuite> <!-- com.dt.api.properties.post.testPOST_addproperty -->
