<?xml version="1.0" encoding="UTF-8"?>
<!-- Generated by org.testng.reporters.JUnitReportReporter -->
<<<<<<< HEAD
<testsuite hostname="DESKTOP-N0PCOBP" failures="0" tests="1" name="com.dt.api.properties.get.testGET_issues" time="1.565" errors="0" timestamp="2022-11-07T17:03:31 IST" skipped="0">
  <testcase classname="com.dt.api.properties.get.testGET_issues" name="testGetissues" time="1.565"/>
=======
<<<<<<< HEAD
<testsuite hostname="DESKTOP-N0PCOBP" failures="0" tests="1" name="com.dt.api.properties.get.testGET_issues" time="1.434" errors="0" timestamp="2022-10-28T15:32:34 IST" skipped="0">
  <testcase classname="com.dt.api.properties.get.testGET_issues" name="testGetissues" time="1.434"/>
=======
<testsuite hostname="DESKTOP-N0PCOBP" failures="0" tests="1" name="com.dt.api.properties.get.testGET_issues" time="1.170" errors="0" timestamp="2022-11-04T12:13:13 IST" skipped="0">
  <testcase classname="com.dt.api.properties.get.testGET_issues" name="testGetissues" time="1.170"/>
>>>>>>> 01779337959a101ea50d1eba4f3ab2fc233e8fb3
>>>>>>> 3c5d29f81eac2c5d19c91c38872e14bddc144bb0
  <system-out/>
</testsuite> <!-- com.dt.api.properties.get.testGET_issues -->
