<?xml version="1.0" encoding="UTF-8"?>
<!-- Generated by org.testng.reporters.JUnitReportReporter -->
<<<<<<< HEAD
<testsuite hostname="DESKTOP-N0PCOBP" failures="0" tests="1" name="com.dt.api.devices.delete.testDELETE_deletedevicesforzone" time="1.258" errors="0" timestamp="2022-10-28T15:32:34 IST" skipped="0">
  <testcase classname="com.dt.api.devices.delete.testDELETE_deletedevicesforzone" name="testDELETE001" time="1.258"/>
=======
<testsuite hostname="DESKTOP-N0PCOBP" failures="0" tests="1" name="com.dt.api.devices.delete.testDELETE_deletedevicesforzone" time="1.193" errors="0" timestamp="2022-11-04T12:13:13 IST" skipped="0">
  <testcase classname="com.dt.api.devices.delete.testDELETE_deletedevicesforzone" name="testDELETE001" time="1.193"/>
>>>>>>> 01779337959a101ea50d1eba4f3ab2fc233e8fb3
  <system-out/>
</testsuite> <!-- com.dt.api.devices.delete.testDELETE_deletedevicesforzone -->
