<?xml version="1.0" encoding="UTF-8"?>
<!-- Generated by org.testng.reporters.JUnitReportReporter -->
<testsuite hostname="DESKTOP-N0PCOBP" failures="0" tests="1" name="com.dt.api.properties.get.testGET_issues" time="1.565" errors="0" timestamp="2022-11-07T17:03:31 IST" skipped="0">
  <testcase classname="com.dt.api.properties.get.testGET_issues" name="testGetissues" time="1.565"/>
  <system-out/>
</testsuite> <!-- com.dt.api.properties.get.testGET_issues -->
