<?xml version="1.0" encoding="UTF-8"?>
<!-- Generated by org.testng.reporters.JUnitReportReporter -->
<<<<<<< HEAD
<testsuite hostname="DESKTOP-CGGNCNE" failures="0" tests="1" name="com.dt.api.users.post.testPOST_Invitation" time="3.647" errors="0" timestamp="2022-10-28T15:27:43 IST" skipped="0">
  <testcase classname="com.dt.api.users.post.testPOST_Invitation" name="testPost" time="3.647"/>
=======
<testsuite hostname="DESKTOP-N0PCOBP" failures="0" tests="1" name="com.dt.api.users.post.testPOST_Invitation" time="1.648" errors="0" timestamp="2022-10-28T15:32:34 IST" skipped="0">
  <testcase classname="com.dt.api.users.post.testPOST_Invitation" name="testPost" time="1.648"/>
>>>>>>> c5894a01452583338382fe5cfcbda8788ea89e1c
  <system-out/>
</testsuite> <!-- com.dt.api.users.post.testPOST_Invitation -->
