<?xml version="1.0" encoding="UTF-8"?>
<!-- Generated by org.testng.reporters.JUnitReportReporter -->
<testsuite hostname="DESKTOP-CGGNCNE" failures="0" tests="1" name="com.dt.api.properties.post.testPOST_addproperty" time="2.503" errors="0" timestamp="2022-10-31T12:47:56 IST" skipped="0">
  <testcase classname="com.dt.api.properties.post.testPOST_addproperty" name="testPost001" time="2.503"/>
  <system-out/>
</testsuite> <!-- com.dt.api.properties.post.testPOST_addproperty -->
