<?xml version="1.0" encoding="UTF-8"?>
<!-- Generated by org.testng.reporters.JUnitReportReporter -->
<testsuite hostname="DESKTOP-CGGNCNE" failures="0" tests="1" name="com.dt.api.session.testPOST_Session" time="3.099" errors="0" timestamp="2022-11-01T14:26:23 IST" skipped="0">
  <testcase classname="com.dt.api.session.testPOST_Session" name="testPost" time="3.099"/>
  <system-out/>
</testsuite> <!-- com.dt.api.session.testPOST_Session -->
