<?xml version="1.0" encoding="UTF-8"?>
<!-- Generated by org.testng.reporters.JUnitReportReporter -->
<testsuite hostname="DESKTOP-N0PCOBP" failures="0" tests="1" name="com.dt.api.users.post.testPOST_AcceptInvitation" time="1.448" errors="0" timestamp="2022-11-07T17:03:31 IST" skipped="0">
  <testcase classname="com.dt.api.users.post.testPOST_AcceptInvitation" name="testPost001" time="1.448"/>
  <system-out/>
</testsuite> <!-- com.dt.api.users.post.testPOST_AcceptInvitation -->
