<?xml version="1.0" encoding="UTF-8"?>
<!-- Generated by org.testng.reporters.JUnitReportReporter -->
<testsuite hostname="DESKTOP-CGGNCNE" failures="0" tests="1" name="com.dt.api.properties.get.testGET_propertyallusers" time="2.560" errors="0" timestamp="2022-10-28T15:48:03 IST" skipped="0">
  <testcase classname="com.dt.api.properties.get.testGET_propertyallusers" name="testGetPropertyusers" time="2.560"/>
  <system-out/>
</testsuite> <!-- com.dt.api.properties.get.testGET_propertyallusers -->
