<?xml version="1.0" encoding="UTF-8"?>
<!-- Generated by org.testng.reporters.JUnitReportReporter -->
<testsuite hostname="DESKTOP-FEBC6QF" failures="0" tests="1" name="com.api.Auth.RoleAccess_PV$testGET_UserDetails_PV" time="1.427" errors="0" timestamp="2022-11-02T15:27:49 IST" skipped="0">
  <testcase classname="com.api.Auth.RoleAccess_PV$testGET_UserDetails_PV" name="testGet" time="1.427"/>
  <system-out/>
</testsuite> <!-- com.api.Auth.RoleAccess_PV$testGET_UserDetails_PV -->
