<?xml version="1.0" encoding="UTF-8"?>
<!-- Generated by org.testng.reporters.JUnitReportReporter -->
<testsuite hostname="DESKTOP-CGGNCNE" failures="0" tests="3" name="com.dt.api.Auth.test_PM_InviteUser" time="6.555" errors="0" timestamp="2022-10-28T15:54:07 IST" skipped="0">
  <testcase classname="com.dt.api.Auth.test_PM_InviteUser" name="testUserlist" time="1.409"/>
  <system-out/>
  <testcase classname="com.dt.api.Auth.test_PM_InviteUser" name="testGet001" time="3.545"/>
  <system-out/>
  <testcase classname="com.dt.api.Auth.test_PM_InviteUser" name="testPost" time="1.601"/>
  <system-out/>
</testsuite> <!-- com.dt.api.Auth.test_PM_InviteUser -->
