<?xml version="1.0" encoding="UTF-8"?>
<!-- Generated by org.testng.reporters.JUnitReportReporter -->
<testsuite hostname="DESKTOP-FEBC6QF" failures="0" tests="1" name="com.api.Auth.RoleAccess_PV" time="3.241" errors="0" timestamp="2022-11-03T17:27:01 IST" skipped="0">
  <testcase classname="com.api.Auth.RoleAccess_PV" name="testDeleteStaffKey" time="3.241"/>
  <system-out/>
</testsuite> <!-- com.api.Auth.RoleAccess_PV -->
