<?xml version="1.0" encoding="UTF-8"?>
<!-- Generated by org.testng.reporters.JUnitReportReporter -->
<testsuite hostname="DESKTOP-FEBC6QF" failures="0" tests="1" name="com.api.Auth.Session_Auth" time="4.110" errors="0" timestamp="2022-11-02T10:58:27 IST" skipped="0">
  <testcase classname="com.api.Auth.Session_Auth" name="testPost" time="4.110"/>
  <system-out/>
</testsuite> <!-- com.api.Auth.Session_Auth -->
