<?xml version="1.0" encoding="UTF-8"?>
<!-- Generated by org.testng.reporters.JUnitReportReporter -->
<testsuite hostname="DESKTOP-N0PCOBP" failures="0" tests="1" name="com.dt.api.properties.get.testGET_propertytype" time="1.547" errors="0" timestamp="2022-10-28T15:32:34 IST" skipped="0">
  <testcase classname="com.dt.api.properties.get.testGET_propertytype" name="testGetpropertytype" time="1.547"/>
  <system-out/>
</testsuite> <!-- com.dt.api.properties.get.testGET_propertytype -->
