<?xml version="1.0" encoding="UTF-8"?>
<!-- Generated by org.testng.reporters.JUnitReportReporter -->
<testsuite hostname="DESKTOP-N0PCOBP" failures="0" tests="1" name="com.dt.api.users.post.testPOST_ForgetPassword" time="1.183" errors="0" timestamp="2022-11-04T12:13:13 IST" skipped="0">
  <testcase classname="com.dt.api.users.post.testPOST_ForgetPassword" name="testPost" time="1.183"/>
  <system-out/>
</testsuite> <!-- com.dt.api.users.post.testPOST_ForgetPassword -->
