<?xml version="1.0" encoding="UTF-8"?>
<!-- Generated by org.testng.reporters.JUnitReportReporter -->
<testsuite hostname="DESKTOP-N0PCOBP" failures="0" tests="1" name="com.dt.api.users.post.testPOST_UpdatePassword" time="1.175" errors="0" timestamp="2022-10-18T15:52:55 IST" skipped="0">
  <testcase classname="com.dt.api.users.post.testPOST_UpdatePassword" name="testPost" time="1.175"/>
  <system-out/>
</testsuite> <!-- com.dt.api.users.post.testPOST_UpdatePassword -->
