<?xml version="1.0" encoding="UTF-8"?>
<!-- Generated by org.testng.reporters.JUnitReportReporter -->
<testsuite hostname="DESKTOP-CGGNCNE" failures="0" tests="1" name="com.dt.api.users.post.testPOST_Invitation" time="3.647" errors="0" timestamp="2022-10-28T15:27:43 IST" skipped="0">
  <testcase classname="com.dt.api.users.post.testPOST_Invitation" name="testPost" time="3.647"/>
  <system-out/>
</testsuite> <!-- com.dt.api.users.post.testPOST_Invitation -->
