<?xml version="1.0" encoding="UTF-8"?>
<!-- Generated by org.testng.reporters.JUnitReportReporter -->
<testsuite hostname="DESKTOP-CGGNCNE" failures="0" tests="31" name="com.dt.api.Auth.test_PM" time="45.345" errors="0" timestamp="2022-11-01T15:15:45 IST" skipped="0">
  <testcase classname="com.dt.api.Auth.test_PM" name="testAddDevices" time="1.470"/>
  <system-out/>
  <testcase classname="com.dt.api.Auth.test_PM" name="testUpdateZone" time="1.416"/>
  <system-out/>
  <testcase classname="com.dt.api.Auth.test_PM" name="testUserDetails" time="1.326"/>
  <system-out/>
  <testcase classname="com.dt.api.Auth.test_PM" name="testGetpropertydetails" time="1.446"/>
  <system-out/>
  <testcase classname="com.dt.api.Auth.test_PM" name="testViewSmartthingDetails" time="1.427"/>
  <system-out/>
  <testcase classname="com.dt.api.Auth.test_PM" name="UpdateUserRole" time="2.598"/>
  <system-out/>
  <testcase classname="com.dt.api.Auth.test_PM" name="testUpdateGuestDetails" time="1.281"/>
  <system-out/>
  <testcase classname="com.dt.api.Auth.test_PM" name="testAddSmartthingAccount" time="1.326"/>
  <system-out/>
  <testcase classname="com.dt.api.Auth.test_PM" name="testDeleteDevice" time="1.345"/>
  <system-out/>
  <testcase classname="com.dt.api.Auth.test_PM" name="testDeleteProperty" time="1.322"/>
  <system-out/>
  <testcase classname="com.dt.api.Auth.test_PM" name="testResendStaffkeycode" time="1.274"/>
  <system-out/>
  <testcase classname="com.dt.api.Auth.test_PM" name="testDeleteGuestKey" time="1.378"/>
  <system-out/>
  <testcase classname="com.dt.api.Auth.test_PM" name="testInviteUser" time="1.296"/>
  <system-out/>
  <testcase classname="com.dt.api.Auth.test_PM" name="testResendkeycode" time="1.466"/>
  <system-out/>
  <testcase classname="com.dt.api.Auth.test_PM" name="testUpdateProperty" time="1.361"/>
  <system-out/>
  <testcase classname="com.dt.api.Auth.test_PM" name="testDeleteZone" time="1.320"/>
  <system-out/>
  <testcase classname="com.dt.api.Auth.test_PM" name="viewGuestKey" time="1.561"/>
  <system-out/>
  <testcase classname="com.dt.api.Auth.test_PM" name="testCreateProperty" time="1.512"/>
  <system-out/>
  <testcase classname="com.dt.api.Auth.test_PM" name="testuserList" time="1.293"/>
  <system-out/>
  <testcase classname="com.dt.api.Auth.test_PM" name="testDeleteSmartthing" time="1.287"/>
  <system-out/>
  <testcase classname="com.dt.api.Auth.test_PM" name="testAddZone" time="1.302"/>
  <system-out/>
  <testcase classname="com.dt.api.Auth.test_PM" name="testUpdatePAT" time="1.480"/>
  <system-out/>
  <testcase classname="com.dt.api.Auth.test_PM" name="testSelfDetails" time="1.336"/>
  <system-out/>
  <testcase classname="com.dt.api.Auth.test_PM" name="testCreateStaffKey" time="1.817"/>
  <system-out/>
  <testcase classname="com.dt.api.Auth.test_PM" name="testGetDevices" time="1.536"/>
  <system-out/>
  <testcase classname="com.dt.api.Auth.test_PM" name="testDeleteUser" time="1.494"/>
  <system-out/>
  <testcase classname="com.dt.api.Auth.test_PM" name="viewStaffKey" time="1.734"/>
  <system-out/>
  <testcase classname="com.dt.api.Auth.test_PM" name="testCreateGuestKey" time="1.861"/>
  <system-out/>
  <testcase classname="com.dt.api.Auth.test_PM" name="testDeleteStaffKey" time="1.351"/>
  <system-out/>
  <testcase classname="com.dt.api.Auth.test_PM" name="testGetZones" time="1.431"/>
  <system-out/>
  <testcase classname="com.dt.api.Auth.test_PM" name="testUpdateDevices" time="1.298"/>
  <system-out/>
</testsuite> <!-- com.dt.api.Auth.test_PM -->
