<?xml version="1.0" encoding="UTF-8"?>
<!-- Generated by org.testng.reporters.JUnitReportReporter -->
<testsuite hostname="DESKTOP-N0PCOBP" failures="0" tests="1" name="com.dt.api.session.testPOST_Session" time="4.909" errors="0" timestamp="2022-11-07T17:01:05 IST" skipped="0">
  <testcase classname="com.dt.api.session.testPOST_Session" name="testPost" time="4.909"/>
  <system-out/>
</testsuite> <!-- com.dt.api.session.testPOST_Session -->
